Checking whether the ASM compiler is GNU using "--version" did not match "(GNU assembler)|(GCC)|(Free Software Foundation)":
Product: Keil MDK Community (non-commercial free of charge)
Component: Arm Compiler for Embedded 6.22
Tool: armclang [5ee92100]

Target: unspecified-arm-none-unspecified
Checking whether the ASM compiler is Clang using "--version" did not match "(clang version)":
Product: Keil MDK Community (non-commercial free of charge)
Component: Arm Compiler for Embedded 6.22
Tool: armclang [5ee92100]

Target: unspecified-arm-none-unspecified
Checking whether the ASM compiler is AppleClang using "--version" did not match "(Apple LLVM version)":
Product: Keil MDK Community (non-commercial free of charge)
Component: Arm Compiler for Embedded 6.22
Tool: armclang [5ee92100]

Target: unspecified-arm-none-unspecified
Checking whether the ASM compiler is GNU using "--version" did not match "(GNU assembler)|(GCC)|(Free Software Foundation)":
Product: Keil MDK Community (non-commercial free of charge)
Component: Arm Compiler for Embedded 6.22
Tool: armclang [5ee92100]

Target: unspecified-arm-none-unspecified
Checking whether the ASM compiler is Clang using "--version" did not match "(clang version)":
Product: Keil MDK Community (non-commercial free of charge)
Component: Arm Compiler for Embedded 6.22
Tool: armclang [5ee92100]

Target: unspecified-arm-none-unspecified
Checking whether the ASM compiler is AppleClang using "--version" did not match "(Apple LLVM version)":
Product: Keil MDK Community (non-commercial free of charge)
Component: Arm Compiler for Embedded 6.22
Tool: armclang [5ee92100]

Target: unspecified-arm-none-unspecified
Compiling the C compiler identification source file "CMakeCCompilerId.c" failed.
Compiler: C:/Keil_v5/ARM/ARMCLANG/bin/armclang.exe 
Build flags: -mcpu=Cortex-M33;-mfpu=fpv5-sp-d16;-mfloat-abi=hard
Id flags:  

The output was:
1
armclang: fatal error: no target architecture given; use --target=arm-arm-none-eabi or --target=aarch64-arm-none-eabi


Compiling the C compiler identification source file "CMakeCCompilerId.c" failed.
Compiler: C:/Keil_v5/ARM/ARMCLANG/bin/armclang.exe 
Build flags: -mcpu=Cortex-M33;-mfpu=fpv5-sp-d16;-mfloat-abi=hard
Id flags: -c 

The output was:
1
armclang: fatal error: no target architecture given; use --target=arm-arm-none-eabi or --target=aarch64-arm-none-eabi


Compiling the C compiler identification source file "CMakeCCompilerId.c" failed.
Compiler: C:/Keil_v5/ARM/ARMCLANG/bin/armclang.exe 
Build flags: -mcpu=Cortex-M33;-mfpu=fpv5-sp-d16;-mfloat-abi=hard
Id flags: -Aa 

The output was:
1
armclang: fatal error: no target architecture given; use --target=arm-arm-none-eabi or --target=aarch64-arm-none-eabi


Compiling the C compiler identification source file "CMakeCCompilerId.c" failed.
Compiler: C:/Keil_v5/ARM/ARMCLANG/bin/armclang.exe 
Build flags: -mcpu=Cortex-M33;-mfpu=fpv5-sp-d16;-mfloat-abi=hard
Id flags: -D__CLASSIC_C__ 

The output was:
1
armclang: fatal error: no target architecture given; use --target=arm-arm-none-eabi or --target=aarch64-arm-none-eabi


